mode: set
github.com/AnnaStenholm/bookings/internal/handlers/handlers.go:24.46,28.2 1 1
github.com/AnnaStenholm/bookings/internal/handlers/handlers.go:31.32,33.2 1 1
github.com/AnnaStenholm/bookings/internal/handlers/handlers.go:36.66,41.2 3 1
github.com/AnnaStenholm/bookings/internal/handlers/handlers.go:44.68,57.2 5 1
github.com/AnnaStenholm/bookings/internal/handlers/handlers.go:60.73,70.2 4 1
github.com/AnnaStenholm/bookings/internal/handlers/handlers.go:73.77,75.16 2 1
github.com/AnnaStenholm/bookings/internal/handlers/handlers.go:75.16,78.3 2 0
github.com/AnnaStenholm/bookings/internal/handlers/handlers.go:79.2,93.18 6 1
github.com/AnnaStenholm/bookings/internal/handlers/handlers.go:93.18,102.3 4 0
github.com/AnnaStenholm/bookings/internal/handlers/handlers.go:103.2,105.66 2 1
github.com/AnnaStenholm/bookings/internal/handlers/handlers.go:109.70,111.2 1 1
github.com/AnnaStenholm/bookings/internal/handlers/handlers.go:114.68,116.2 1 1
github.com/AnnaStenholm/bookings/internal/handlers/handlers.go:119.74,121.2 1 1
github.com/AnnaStenholm/bookings/internal/handlers/handlers.go:124.78,128.2 3 1
github.com/AnnaStenholm/bookings/internal/handlers/handlers.go:135.78,141.16 3 1
github.com/AnnaStenholm/bookings/internal/handlers/handlers.go:141.16,143.3 1 0
github.com/AnnaStenholm/bookings/internal/handlers/handlers.go:146.2,147.14 2 1
github.com/AnnaStenholm/bookings/internal/handlers/handlers.go:152.69,154.2 1 1
github.com/AnnaStenholm/bookings/internal/handlers/handlers.go:156.79,158.9 2 1
github.com/AnnaStenholm/bookings/internal/handlers/handlers.go:158.9,163.3 4 1
github.com/AnnaStenholm/bookings/internal/handlers/handlers.go:164.2,171.4 4 0
